<?xml version="1.0" encoding="UTF-8"?>
<!-- Generated by org.testng.reporters.JUnitReportReporter -->
<testsuite hostname="LAPTOP-PH3UBOCH" failures="0" tests="2" name="Shopping.SwagLabs" time="0.470" errors="0" timestamp="2021-06-26T09:29:28 IST" skipped="0">
  <testcase classname="Shopping.SwagLabs" name="LoginTest" time="0.268"/>
  <system-out/>
  <testcase classname="Shopping.SwagLabs" name="AddtoCart" time="0.202"/>
  <system-out/>
</testsuite> <!-- Shopping.SwagLabs -->
