<?xml version="1.0" encoding="UTF-8"?>
<!-- Generated by org.testng.reporters.JUnitReportReporter -->
<testsuite hostname="LAPTOP-PH3UBOCH" failures="0" tests="1" name="test1.testcase3" time="0.001" errors="0" timestamp="2021-06-19T10:30:12 IST" skipped="0">
  <testcase classname="test1.testcase3" name="CheckoutTest" time="0.001"/>
  <system-out/>
</testsuite> <!-- test1.testcase3 -->
