<?xml version="1.0" encoding="UTF-8"?>
<!-- Generated by org.testng.reporters.JUnitReportReporter -->
<testsuite hostname="LAPTOP-PH3UBOCH" failures="0" tests="2" name="test.LoginTest" time="13.551" errors="0" timestamp="2021-06-26T11:26:31 IST" skipped="1">
  <testcase classname="test.LoginTest" name="LoginTest2" time="13.551"/>
  <system-out/>
  <testcase classname="test.LoginTest" name="LoginTest1">
    <skipped/>
  </testcase> <!-- LoginTest1 -->
  <system-out/>
</testsuite> <!-- test.LoginTest -->
