<?xml version="1.0" encoding="UTF-8"?>
<!-- Generated by org.testng.reporters.JUnitReportReporter -->
<testsuite hostname="LAPTOP-PH3UBOCH" failures="0" tests="1" name="test.Testcase2" time="0.004" errors="0" timestamp="2021-06-19T11:26:50 IST" skipped="0">
  <testcase classname="test.Testcase2" name="LoginTest" time="0.004"/>
  <system-out/>
</testsuite> <!-- test.Testcase2 -->
