<?xml version="1.0" encoding="UTF-8"?>
<!-- Generated by org.testng.reporters.JUnitReportReporter -->
<testsuite hostname="LAPTOP-PH3UBOCH" failures="0" tests="3" name="test.testcase1" time="0.008" errors="0" timestamp="2021-06-19T11:40:23 IST" skipped="0">
  <testcase classname="test.testcase1" name="HomeTest2" time="0.002"/>
  <system-out/>
  <testcase classname="test.testcase1" name="HomeTest" time="0.005"/>
  <system-out/>
  <testcase classname="test.testcase1" name="HomeTest1" time="0.001"/>
  <system-out/>
</testsuite> <!-- test.testcase1 -->
